2025-09-25 20:45:15,899 - INFO - 총 284개 교육과정 로드
2025-09-25 20:45:16,364 - INFO - 
[1/284] 긴급복지지원 신고의무 교육
2025-09-25 20:45:16,588 - INFO -   검색 페이지 로딩...
2025-09-25 20:45:22,662 - INFO -   검색어 입력: 긴급복지지원 신고의무 교육
2025-09-25 20:45:30,716 - WARNING -   검색 결과 대기 시간 초과
2025-09-25 20:45:30,728 - INFO -   검색 결과: 0개
2025-09-25 20:45:31,892 - INFO - 
[2/284] 역량평가의 이해(사전학습)
2025-09-25 20:45:32,122 - INFO -   검색 페이지 로딩...
2025-09-25 20:45:38,094 - INFO -   검색어 입력: 역량평가의 이해(사전학습)
2025-09-25 20:45:41,238 - INFO -   검색 결과: 1개
2025-09-25 20:45:41,272 - INFO -   찾은 교육과정: 역량평가의 이해(사전학습) (공통역량)
2025-09-25 20:45:43,565 - INFO -   상세 페이지 URL: https://edu.kohi.or.kr/pt/pa/paa/BD_paa0040d.do
2025-09-25 20:45:43,641 - INFO -   테이블 수: 11
2025-09-25 20:45:43,654 - INFO -     신청정보 테이블 발견
2025-09-25 20:45:43,925 - INFO -     수료기준 테이블 발견
2025-09-25 20:45:44,072 - INFO -     신청정보 테이블 발견
2025-09-25 20:45:44,181 - INFO -     교육구성 테이블 발견
2025-09-25 20:45:44,339 - INFO -   파싱 필드 수: 21
2025-09-25 20:45:45,499 - INFO - 
[3/284] 역량평가의 이해(사후학습)
2025-09-25 20:45:45,773 - INFO -   검색 페이지 로딩...
2025-09-25 20:45:51,618 - INFO -   검색어 입력: 역량평가의 이해(사후학습)
2025-09-25 20:45:54,711 - INFO -   검색 결과: 1개
2025-09-25 20:45:54,729 - INFO -   찾은 교육과정: 역량평가의 이해(사후학습) (공통역량)
2025-09-25 20:45:57,050 - INFO -   상세 페이지 URL: https://edu.kohi.or.kr/pt/pa/paa/BD_paa0040d.do
2025-09-25 20:45:57,103 - INFO -   테이블 수: 11
2025-09-25 20:45:57,112 - INFO -     신청정보 테이블 발견
2025-09-25 20:45:57,366 - INFO -     수료기준 테이블 발견
2025-09-25 20:45:57,475 - INFO -     신청정보 테이블 발견
2025-09-25 20:45:57,543 - INFO -     교육구성 테이블 발견
2025-09-25 20:45:57,640 - INFO -   파싱 필드 수: 21
2025-09-25 20:45:58,734 - INFO - 
[4/284] 그리스 로마 신화를 통해 배우는 인문학
2025-09-25 20:45:58,969 - INFO -   검색 페이지 로딩...
2025-09-25 20:46:05,157 - INFO -   검색어 입력: 그리스 로마 신화를 통해 배우는 인문학
2025-09-25 20:46:13,247 - WARNING -   검색 결과 대기 시간 초과
2025-09-25 20:46:13,261 - INFO -   검색 결과: 0개
2025-09-25 20:46:14,388 - INFO - 
[5/284] 더 나은 내 삶을 위한 긍정의 힘
2025-09-25 20:46:14,593 - INFO -   검색 페이지 로딩...
2025-09-25 20:46:20,645 - INFO -   검색어 입력: 더 나은 내 삶을 위한 긍정의 힘
2025-09-25 20:46:23,746 - INFO -   검색 결과: 1개
2025-09-25 20:46:23,766 - INFO -   찾은 교육과정: 더 나은 내 삶을 위한 긍정의 힘(공통역량)
2025-09-25 20:46:26,103 - INFO -   상세 페이지 URL: https://edu.kohi.or.kr/pt/pa/paa/BD_paa0040d.do
2025-09-25 20:46:26,169 - INFO -   테이블 수: 11
2025-09-25 20:46:26,178 - INFO -     신청정보 테이블 발견
2025-09-25 20:46:26,507 - INFO -     수료기준 테이블 발견
2025-09-25 20:46:26,639 - INFO -     신청정보 테이블 발견
2025-09-25 20:46:26,715 - INFO -     교육구성 테이블 발견
2025-09-25 20:46:26,820 - INFO -   파싱 필드 수: 21
2025-09-25 20:46:27,946 - INFO - 
[6/284] 보건복지인(人)을위한문제해결능력향상
2025-09-25 20:46:28,177 - INFO -   검색 페이지 로딩...
2025-09-25 20:46:33,961 - INFO -   검색어 입력: 보건복지인(人)을위한문제해결능력향상
2025-09-25 20:46:42,023 - WARNING -   검색 결과 대기 시간 초과
2025-09-25 20:46:42,032 - INFO -   검색 결과: 0개
2025-09-25 20:46:43,176 - INFO - 
[7/284] 보건복지인의 셀프 동기부여
2025-09-25 20:46:43,394 - INFO -   검색 페이지 로딩...
2025-09-25 20:46:48,735 - INFO -   검색어 입력: 보건복지인의 셀프 동기부여
2025-09-25 20:46:51,835 - INFO -   검색 결과: 1개
2025-09-25 20:46:51,856 - INFO -   찾은 교육과정: 보건복지인의 셀프 동기부여 (공통역량, 리더십)
2025-09-25 20:46:54,159 - INFO -   상세 페이지 URL: https://edu.kohi.or.kr/pt/pa/paa/BD_paa0040d.do
2025-09-25 20:46:54,225 - INFO -   테이블 수: 11
2025-09-25 20:46:54,233 - INFO -     신청정보 테이블 발견
2025-09-25 20:46:54,459 - INFO -     수료기준 테이블 발견
2025-09-25 20:46:54,576 - INFO -     신청정보 테이블 발견
2025-09-25 20:46:54,656 - INFO -     교육구성 테이블 발견
2025-09-25 20:46:54,782 - INFO -   파싱 필드 수: 21
2025-09-25 20:46:55,905 - INFO - 
[8/284] 삶을 변화시키는 매일 작은 습관만들기
2025-09-25 20:46:56,109 - INFO -   검색 페이지 로딩...
2025-09-25 20:47:01,917 - INFO -   검색어 입력: 삶을 변화시키는 매일 작은 습관만들기
2025-09-25 20:47:05,023 - INFO -   검색 결과: 1개
2025-09-25 20:47:05,089 - INFO -   찾은 교육과정: 삶을 변화시키는 매일 작은 습관만들기 (공통역량, 리더십)
2025-09-25 20:47:07,195 - INFO -   상세 페이지 URL: https://edu.kohi.or.kr/pt/pa/paa/BD_paa0010l.do#none
2025-09-25 20:47:07,271 - INFO -   테이블 수: 11
2025-09-25 20:47:07,281 - INFO -     신청정보 테이블 발견
2025-09-25 20:47:07,559 - INFO -     수료기준 테이블 발견
2025-09-25 20:47:07,718 - INFO -     신청정보 테이블 발견
2025-09-25 20:47:07,794 - INFO -     교육구성 테이블 발견
2025-09-25 20:47:07,950 - INFO -   파싱 필드 수: 21
2025-09-25 20:47:09,097 - INFO - 
[9/284] 성공하는 인생의 지름길, 셀프 리더십
2025-09-25 20:47:09,293 - INFO -   검색 페이지 로딩...
2025-09-25 20:47:15,672 - INFO -   검색어 입력: 성공하는 인생의 지름길, 셀프 리더십
2025-09-25 20:47:18,769 - INFO -   검색 결과: 1개
2025-09-25 20:47:18,792 - INFO -   찾은 교육과정: 성공하는 인생의 지름길, 셀프 리더십 (공통역량)
2025-09-25 20:47:20,894 - INFO -   상세 페이지 URL: https://edu.kohi.or.kr/pt/pa/paa/BD_paa0010l.do#none
2025-09-25 20:47:20,946 - INFO -   테이블 수: 11
2025-09-25 20:47:20,954 - INFO -     신청정보 테이블 발견
2025-09-25 20:47:21,212 - INFO -     수료기준 테이블 발견
2025-09-25 20:47:21,341 - INFO -     신청정보 테이블 발견
2025-09-25 20:47:21,427 - INFO -     교육구성 테이블 발견
2025-09-25 20:47:21,528 - INFO -   파싱 필드 수: 21
2025-09-25 20:47:22,631 - INFO - 
[10/284] 절대 강대국은 없다. 강대국의 흥망성쇠
2025-09-25 20:47:22,838 - INFO -   검색 페이지 로딩...
2025-09-25 20:47:28,172 - INFO -   검색어 입력: 절대 강대국은 없다. 강대국의 흥망성쇠
2025-09-25 20:47:36,251 - WARNING -   검색 결과 대기 시간 초과
2025-09-25 20:47:36,260 - INFO -   검색 결과: 0개
2025-09-25 20:47:36,423 - INFO - 임시 저장: 10개 완료
2025-09-25 20:47:37,424 - INFO - 
[11/284] 절대역사서, 사기를 통해 배우는 인문학
2025-09-25 20:47:37,632 - INFO -   검색 페이지 로딩...
2025-09-25 20:47:43,227 - INFO -   검색어 입력: 절대역사서, 사기를 통해 배우는 인문학
2025-09-25 20:47:51,299 - WARNING -   검색 결과 대기 시간 초과
2025-09-25 20:47:51,309 - INFO -   검색 결과: 0개
2025-09-25 20:47:52,452 - INFO - 
[12/284] 존중과 사랑의 소통처방전
2025-09-25 20:47:52,687 - INFO -   검색 페이지 로딩...
2025-09-25 20:47:58,767 - INFO -   검색어 입력: 존중과 사랑의 소통처방전
2025-09-25 20:48:01,827 - INFO -   검색 결과: 1개
2025-09-25 20:48:01,835 - INFO -   찾은 교육과정: 존중과 사랑의 소통처방전 (공통역량, 병원문화)
2025-09-25 20:48:03,883 - INFO -   상세 페이지 URL: https://edu.kohi.or.kr/pt/pa/paa/BD_paa0010l.do#none
2025-09-25 20:48:03,907 - INFO -   테이블 수: 11
2025-09-25 20:48:03,910 - INFO -     신청정보 테이블 발견
2025-09-25 20:48:03,990 - INFO -     수료기준 테이블 발견
2025-09-25 20:48:04,054 - INFO -     신청정보 테이블 발견
2025-09-25 20:48:04,092 - INFO -     교육구성 테이블 발견
2025-09-25 20:48:04,141 - INFO -   파싱 필드 수: 21
2025-09-25 20:48:05,205 - INFO - 
[13/284] 플라톤을 통해 배우는 국가
2025-09-25 20:48:05,394 - INFO -   검색 페이지 로딩...
2025-09-25 20:48:11,402 - INFO -   검색어 입력: 플라톤을 통해 배우는 국가
2025-09-25 20:48:19,449 - WARNING -   검색 결과 대기 시간 초과
2025-09-25 20:48:19,455 - INFO -   검색 결과: 0개
2025-09-25 20:48:20,639 - INFO - 
[14/284] 보건복지 동행(with 명강사) - 회복지원편
2025-09-25 20:48:20,880 - INFO -   검색 페이지 로딩...
2025-09-25 20:48:27,823 - INFO -   검색어 입력: 보건복지 동행(with 명강사) - 회복지원편
2025-09-25 20:48:35,865 - WARNING -   검색 결과 대기 시간 초과
2025-09-25 20:48:35,875 - INFO -   검색 결과: 0개
2025-09-25 20:48:37,210 - INFO - 
[15/284] KOHI 공개강의(LIVE 명사특강쇼) - MZ(미지)세계의 보건복지
2025-09-25 20:48:37,432 - INFO -   검색 페이지 로딩...
2025-09-25 20:48:42,741 - INFO -   검색어 입력: KOHI 공개강의(LIVE 명사특강쇼) - MZ(미지)세계의 보건복지
2025-09-25 20:48:50,786 - WARNING -   검색 결과 대기 시간 초과
2025-09-25 20:48:50,790 - INFO -   검색 결과: 0개
2025-09-25 20:48:51,858 - INFO - 
[16/284] 보건의료, 미래 선도하는 취업 JOB GO!
2025-09-25 20:48:52,049 - INFO -   검색 페이지 로딩...
2025-09-25 20:48:57,666 - INFO -   검색어 입력: 보건의료, 미래 선도하는 취업 JOB GO!
2025-09-25 20:49:00,735 - INFO -   검색 결과: 1개
2025-09-25 20:49:00,744 - INFO -   찾은 교육과정: 보건의료, 미래 선도하는 취업 JOB GO! (공통역량)
2025-09-25 20:49:02,812 - INFO -   상세 페이지 URL: https://edu.kohi.or.kr/pt/pa/paa/BD_paa0010l.do#none
2025-09-25 20:49:02,844 - INFO -   테이블 수: 11
2025-09-25 20:49:02,847 - INFO -     신청정보 테이블 발견
2025-09-25 20:49:02,944 - INFO -     수료기준 테이블 발견
2025-09-25 20:49:02,993 - INFO -     신청정보 테이블 발견
2025-09-25 20:49:03,036 - INFO -     교육구성 테이블 발견
2025-09-25 20:49:03,079 - INFO -   파싱 필드 수: 21
2025-09-25 20:49:04,163 - INFO - 
[17/284] 창의적인정책개발의첫걸음
2025-09-25 20:49:04,366 - INFO -   검색 페이지 로딩...
2025-09-25 20:49:10,101 - INFO -   검색어 입력: 창의적인정책개발의첫걸음
2025-09-25 20:49:13,154 - INFO -   검색 결과: 1개
2025-09-25 20:49:13,159 - INFO -   찾은 교육과정: 창의적인 정책개발의 첫 걸음 (공통역량)
2025-09-25 20:49:15,200 - INFO -   상세 페이지 URL: https://edu.kohi.or.kr/pt/pa/paa/BD_paa0010l.do#none
2025-09-25 20:49:15,225 - INFO -   테이블 수: 11
2025-09-25 20:49:15,229 - INFO -     신청정보 테이블 발견
2025-09-25 20:49:15,293 - INFO -     수료기준 테이블 발견
2025-09-25 20:49:15,329 - INFO -     신청정보 테이블 발견
2025-09-25 20:49:15,352 - INFO -     교육구성 테이블 발견
2025-09-25 20:49:15,386 - INFO -   파싱 필드 수: 21
2025-09-25 20:49:16,459 - INFO - 
[18/284] 취업코치의꿀팁대방출(스펙부터AI면접까지)
2025-09-25 20:49:16,628 - INFO -   검색 페이지 로딩...
2025-09-25 20:49:22,602 - INFO -   검색어 입력: 취업코치의꿀팁대방출(스펙부터AI면접까지)
2025-09-25 20:49:25,660 - INFO -   검색 결과: 1개
2025-09-25 20:49:25,666 - INFO -   찾은 교육과정: 취업코치의 꿀팁 대방출(스펙부터 AI면접까지) (공통역량)
2025-09-25 20:49:27,694 - INFO -   상세 페이지 URL: https://edu.kohi.or.kr/pt/pa/paa/BD_paa0010l.do#none
2025-09-25 20:49:27,719 - INFO -   테이블 수: 11
2025-09-25 20:49:27,721 - INFO -     신청정보 테이블 발견
2025-09-25 20:49:27,795 - INFO -     수료기준 테이블 발견
2025-09-25 20:49:27,842 - INFO -     신청정보 테이블 발견
2025-09-25 20:49:27,872 - INFO -     교육구성 테이블 발견
2025-09-25 20:49:27,908 - INFO -   파싱 필드 수: 21
2025-09-25 20:49:28,963 - INFO - 
[19/284] KOHI공개강의나이들수록 행복해지려면
2025-09-25 20:49:29,136 - INFO -   검색 페이지 로딩...
2025-09-25 20:49:34,277 - INFO -   검색어 입력: KOHI공개강의나이들수록 행복해지려면
2025-09-25 20:49:42,310 - WARNING -   검색 결과 대기 시간 초과
2025-09-25 20:49:42,326 - INFO -   검색 결과: 0개
2025-09-25 20:49:44,369 - INFO - 
[20/284] KOHI공개강의 무례한세상속앞으로나아가는마음관리법8가지
2025-09-25 20:49:44,585 - INFO -   검색 페이지 로딩...
2025-09-25 20:49:50,715 - INFO -   검색어 입력: KOHI공개강의 무례한세상속앞으로나아가는마음관리법8가지
2025-09-25 20:49:58,784 - WARNING -   검색 결과 대기 시간 초과
2025-09-25 20:49:58,789 - INFO -   검색 결과: 0개
2025-09-25 20:49:59,120 - INFO - 임시 저장: 20개 완료
2025-09-25 20:50:00,121 - INFO - 
[21/284] KOHI북토크-어른의대화법
2025-09-25 20:50:00,333 - INFO -   검색 페이지 로딩...
2025-09-25 20:50:06,090 - INFO -   검색어 입력: KOHI북토크-어른의대화법
2025-09-25 20:50:14,133 - WARNING -   검색 결과 대기 시간 초과
2025-09-25 20:50:14,138 - INFO -   검색 결과: 0개
2025-09-25 20:50:15,222 - INFO - 
[22/284] KOHI북토크-어바웃번아웃
2025-09-25 20:50:15,439 - INFO -   검색 페이지 로딩...
2025-09-25 20:50:21,129 - INFO -   검색어 입력: KOHI북토크-어바웃번아웃
2025-09-25 20:50:29,161 - WARNING -   검색 결과 대기 시간 초과
2025-09-25 20:50:29,166 - INFO -   검색 결과: 0개
2025-09-25 20:50:30,235 - INFO - 
[23/284] 감정노동, 상처받지않은것처럼일하기
2025-09-25 20:50:30,450 - INFO -   검색 페이지 로딩...
2025-09-25 20:50:37,491 - INFO -   검색어 입력: 감정노동, 상처받지않은것처럼일하기
2025-09-25 20:50:40,542 - INFO -   검색 결과: 1개
2025-09-25 20:50:40,550 - INFO -   찾은 교육과정: 감정노동, 상처받지 않은것처럼 일하기(공통역량)
2025-09-25 20:50:42,575 - INFO -   상세 페이지 URL: https://edu.kohi.or.kr/pt/pa/paa/BD_paa0010l.do#none
2025-09-25 20:50:42,607 - INFO -   테이블 수: 11
2025-09-25 20:50:42,611 - INFO -     신청정보 테이블 발견
2025-09-25 20:50:42,703 - INFO -     수료기준 테이블 발견
2025-09-25 20:50:42,751 - INFO -     신청정보 테이블 발견
2025-09-25 20:50:42,778 - INFO -     교육구성 테이블 발견
2025-09-25 20:50:42,822 - INFO -   파싱 필드 수: 21
2025-09-25 20:50:43,899 - INFO - 
[24/284] 보건복지 강사 강의 역량레벨업
2025-09-25 20:50:44,125 - INFO -   검색 페이지 로딩...
