2025-09-25 20:40:47,446 - INFO - 교육과정 로드: 284개
2025-09-25 20:40:47,447 - INFO - 스크래핑 시작: 284개 교육과정
2025-09-25 20:40:48,211 - INFO - === 디버그 모드 (첫 번째 과정) ===
2025-09-25 20:40:48,211 - INFO - 
[1/284] 긴급복지지원 신고의무 교육
2025-09-25 20:40:52,654 - INFO - JavaScript 검색 실행: 긴급복지지원 신고의무 교육
2025-09-25 20:40:52,710 - INFO - JavaScript 검색 결과: 12개
2025-09-25 20:40:52,728 - INFO - 코드 추출: crse=A2511066, grno=251003094
2025-09-25 20:40:52,728 - INFO - 상세 페이지 이동: crse=A2511066, grno=251003094
2025-09-25 20:40:54,738 - INFO - 재시도 1/2
2025-09-25 20:40:59,127 - INFO - JavaScript 검색 실행: 긴급복지지원 신고의무 교육
2025-09-25 20:40:59,243 - INFO - JavaScript 검색 결과: 12개
2025-09-25 20:40:59,281 - INFO - 코드 추출: crse=A2511066, grno=251003094
2025-09-25 20:40:59,281 - INFO - 상세 페이지 이동: crse=A2511066, grno=251003094
2025-09-25 20:42:22,134 - INFO - 교육과정 로드: 284개
2025-09-25 20:42:22,134 - INFO - 스크래핑 시작: 284개 교육과정
2025-09-25 20:42:22,764 - INFO - 
[1/284] 긴급복지지원 신고의무 교육
2025-09-25 20:42:27,161 - INFO - JavaScript 검색 실행: 긴급복지지원 신고의무 교육
2025-09-25 20:42:27,218 - INFO - JavaScript 검색 결과: 12개
2025-09-25 20:42:27,231 - INFO - 코드 추출: crse=A2511066, grno=251003094
2025-09-25 20:42:27,231 - INFO - 상세 페이지 이동: crse=A2511066, grno=251003094
2025-09-25 20:42:29,240 - INFO - 재시도 1/2
2025-09-25 20:42:33,652 - INFO - JavaScript 검색 실행: 긴급복지지원 신고의무 교육
2025-09-25 20:42:33,740 - INFO - JavaScript 검색 결과: 12개
2025-09-25 20:42:33,763 - INFO - 코드 추출: crse=A2511066, grno=251003094
2025-09-25 20:42:33,764 - INFO - 상세 페이지 이동: crse=A2511066, grno=251003094
2025-09-25 20:42:35,841 - INFO - 첫 번째 과정 완료. 계속 진행중...
2025-09-25 20:42:35,842 - INFO - 
[2/284] 역량평가의 이해(사전학습)
2025-09-25 20:42:40,193 - INFO - JavaScript 검색 실행: 역량평가의 이해(사전학습)
2025-09-25 20:42:40,261 - INFO - JavaScript 검색 결과: 12개
2025-09-25 20:42:40,282 - INFO - 코드 추출: crse=A2511066, grno=251003094
2025-09-25 20:42:40,282 - INFO - 상세 페이지 이동: crse=A2511066, grno=251003094
2025-09-25 20:42:42,302 - INFO - 재시도 1/2
2025-09-25 20:42:46,741 - INFO - JavaScript 검색 실행: 역량평가의 이해(사전학습)
2025-09-25 20:42:46,822 - INFO - JavaScript 검색 결과: 12개
2025-09-25 20:42:46,841 - INFO - 코드 추출: crse=A2511066, grno=251003094
2025-09-25 20:42:46,842 - INFO - 상세 페이지 이동: crse=A2511066, grno=251003094
2025-09-25 20:42:48,888 - INFO - 
[3/284] 역량평가의 이해(사후학습)
2025-09-25 20:42:53,402 - INFO - JavaScript 검색 실행: 역량평가의 이해(사후학습)
2025-09-25 20:42:53,463 - INFO - JavaScript 검색 결과: 12개
2025-09-25 20:42:53,480 - INFO - 코드 추출: crse=A2511066, grno=251003094
2025-09-25 20:42:53,480 - INFO - 상세 페이지 이동: crse=A2511066, grno=251003094
2025-09-25 20:42:55,494 - INFO - 재시도 1/2
2025-09-25 20:42:59,942 - INFO - JavaScript 검색 실행: 역량평가의 이해(사후학습)
2025-09-25 20:43:00,026 - INFO - JavaScript 검색 결과: 12개
2025-09-25 20:43:00,058 - INFO - 코드 추출: crse=A2511066, grno=251003094
2025-09-25 20:43:00,058 - INFO - 상세 페이지 이동: crse=A2511066, grno=251003094
2025-09-25 20:43:02,112 - INFO - 
[4/284] 그리스 로마 신화를 통해 배우는 인문학
2025-09-25 20:43:06,553 - INFO - JavaScript 검색 실행: 그리스 로마 신화를 통해 배우는 인문학
2025-09-25 20:43:06,604 - INFO - JavaScript 검색 결과: 12개
2025-09-25 20:43:06,619 - INFO - 코드 추출: crse=A2511066, grno=251003094
2025-09-25 20:43:06,619 - INFO - 상세 페이지 이동: crse=A2511066, grno=251003094
2025-09-25 20:43:08,631 - INFO - 재시도 1/2
2025-09-25 20:43:13,220 - INFO - JavaScript 검색 실행: 그리스 로마 신화를 통해 배우는 인문학
2025-09-25 20:43:13,299 - INFO - JavaScript 검색 결과: 12개
2025-09-25 20:43:13,316 - INFO - 코드 추출: crse=A2511066, grno=251003094
2025-09-25 20:43:13,316 - INFO - 상세 페이지 이동: crse=A2511066, grno=251003094
2025-09-25 20:43:15,352 - INFO - 
[5/284] 더 나은 내 삶을 위한 긍정의 힘
2025-09-25 20:43:19,653 - INFO - JavaScript 검색 실행: 더 나은 내 삶을 위한 긍정의 힘
2025-09-25 20:43:19,706 - INFO - JavaScript 검색 결과: 12개
2025-09-25 20:43:19,723 - INFO - 코드 추출: crse=A2511066, grno=251003094
2025-09-25 20:43:19,723 - INFO - 상세 페이지 이동: crse=A2511066, grno=251003094
2025-09-25 20:43:21,733 - INFO - 재시도 1/2
