2025-09-25 20:58:17,302 - INFO - 총 284개 교육과정 로드
2025-09-25 20:58:17,781 - INFO - 
[1/284] 긴급복지지원 신고의무 교육
2025-09-25 20:58:18,027 - INFO -   검색 시작: 긴급복지지원 신고의무 교육
2025-09-25 20:58:31,652 - INFO -   검색 결과: 0개
2025-09-25 20:58:32,812 - INFO - 
[2/284] 역량평가의 이해(사전학습)
2025-09-25 20:58:33,039 - INFO -   검색 시작: 역량평가의 이해(사전학습)
2025-09-25 20:58:41,801 - INFO -   검색 결과: 1개
2025-09-25 20:58:44,423 - INFO -   상세 페이지 이동: https://edu.kohi.or.kr/pt/pa/paa/BD_paa0040d.do
2025-09-25 20:58:44,652 - INFO -   테이블 수: 11
2025-09-25 20:58:45,950 - INFO -   수집 완료: 43개 필드
2025-09-25 20:58:47,107 - INFO - 
[3/284] 역량평가의 이해(사후학습)
2025-09-25 20:58:47,430 - INFO -   검색 시작: 역량평가의 이해(사후학습)
2025-09-25 20:58:56,267 - INFO -   검색 결과: 1개
2025-09-25 20:58:58,561 - INFO -   상세 페이지 이동: https://edu.kohi.or.kr/pt/pa/paa/BD_paa0010l.do#none
2025-09-25 20:58:58,688 - INFO -   테이블 수: 11
2025-09-25 20:58:59,819 - INFO -   수집 완료: 43개 필드
2025-09-25 20:59:00,933 - INFO - 
[4/284] 그리스 로마 신화를 통해 배우는 인문학
2025-09-25 20:59:01,143 - INFO -   검색 시작: 그리스 로마 신화를 통해 배우는 인문학
2025-09-25 20:59:16,147 - INFO -   검색 결과: 0개
2025-09-25 20:59:17,605 - INFO - 
[5/284] 더 나은 내 삶을 위한 긍정의 힘
2025-09-25 20:59:17,842 - INFO -   검색 시작: 더 나은 내 삶을 위한 긍정의 힘
2025-09-25 20:59:26,499 - INFO -   검색 결과: 1개
2025-09-25 20:59:29,032 - INFO -   상세 페이지 이동: https://edu.kohi.or.kr/pt/pa/paa/BD_paa0040d.do
2025-09-25 20:59:29,222 - INFO -   테이블 수: 11
2025-09-25 20:59:30,527 - INFO -   수집 완료: 42개 필드
2025-09-25 20:59:31,634 - INFO - 
[6/284] 보건복지인(人)을위한문제해결능력향상
2025-09-25 20:59:31,869 - INFO -   검색 시작: 보건복지인(人)을위한문제해결능력향상
2025-09-25 20:59:45,975 - INFO -   검색 결과: 0개
2025-09-25 20:59:47,408 - INFO - 
[7/284] 보건복지인의 셀프 동기부여
2025-09-25 20:59:47,605 - INFO -   검색 시작: 보건복지인의 셀프 동기부여
2025-09-25 20:59:56,785 - INFO -   검색 결과: 1개
2025-09-25 20:59:59,329 - INFO -   상세 페이지 이동: https://edu.kohi.or.kr/pt/pa/paa/BD_paa0040d.do
2025-09-25 20:59:59,566 - INFO -   테이블 수: 11
2025-09-25 21:00:01,103 - INFO -   수집 완료: 42개 필드
2025-09-25 21:00:02,209 - INFO - 
[8/284] 삶을 변화시키는 매일 작은 습관만들기
2025-09-25 21:00:02,416 - INFO -   검색 시작: 삶을 변화시키는 매일 작은 습관만들기
2025-09-25 21:00:12,612 - INFO -   검색 결과: 1개
2025-09-25 21:00:14,878 - INFO -   상세 페이지 이동: https://edu.kohi.or.kr/pt/pa/paa/BD_paa0010l.do#none
2025-09-25 21:00:15,059 - INFO -   테이블 수: 11
2025-09-25 21:00:16,603 - INFO -   수집 완료: 42개 필드
2025-09-25 21:00:17,711 - INFO - 
[9/284] 성공하는 인생의 지름길, 셀프 리더십
2025-09-25 21:00:17,916 - INFO -   검색 시작: 성공하는 인생의 지름길, 셀프 리더십
2025-09-25 21:00:26,863 - INFO -   검색 결과: 1개
2025-09-25 21:00:29,401 - INFO -   상세 페이지 이동: https://edu.kohi.or.kr/pt/pa/paa/BD_paa0040d.do
2025-09-25 21:00:29,562 - INFO -   테이블 수: 11
2025-09-25 21:00:30,902 - INFO -   수집 완료: 42개 필드
2025-09-25 21:00:31,997 - INFO - 
[10/284] 절대 강대국은 없다. 강대국의 흥망성쇠
2025-09-25 21:00:32,203 - INFO -   검색 시작: 절대 강대국은 없다. 강대국의 흥망성쇠
2025-09-25 21:00:47,069 - INFO -   검색 결과: 0개
2025-09-25 21:00:47,215 - INFO - 임시 저장: 10개 완료
2025-09-25 21:00:48,216 - INFO - 
[11/284] 절대역사서, 사기를 통해 배우는 인문학
2025-09-25 21:00:48,435 - INFO -   검색 시작: 절대역사서, 사기를 통해 배우는 인문학
2025-09-25 21:01:02,370 - INFO -   검색 결과: 0개
2025-09-25 21:01:03,536 - INFO - 
[12/284] 존중과 사랑의 소통처방전
2025-09-25 21:01:03,877 - INFO -   검색 시작: 존중과 사랑의 소통처방전
2025-09-25 21:01:12,758 - INFO -   검색 결과: 1개
2025-09-25 21:01:15,053 - INFO -   상세 페이지 이동: https://edu.kohi.or.kr/pt/pa/paa/BD_paa0010l.do#none
2025-09-25 21:01:15,200 - INFO -   테이블 수: 11
2025-09-25 21:01:16,302 - INFO -   수집 완료: 42개 필드
2025-09-25 21:01:17,438 - INFO - 
[13/284] 플라톤을 통해 배우는 국가
2025-09-25 21:01:17,647 - INFO -   검색 시작: 플라톤을 통해 배우는 국가
2025-09-25 21:01:31,762 - INFO -   검색 결과: 0개
2025-09-25 21:01:32,915 - INFO - 
[14/284] 보건복지 동행(with 명강사) - 회복지원편
2025-09-25 21:01:33,105 - INFO -   검색 시작: 보건복지 동행(with 명강사) - 회복지원편
2025-09-25 21:01:46,961 - INFO -   검색 결과: 0개
2025-09-25 21:01:48,101 - INFO - 
[15/284] KOHI 공개강의(LIVE 명사특강쇼) - MZ(미지)세계의 보건복지
2025-09-25 21:01:48,318 - INFO -   검색 시작: KOHI 공개강의(LIVE 명사특강쇼) - MZ(미지)세계의 보건복지
2025-09-25 21:02:01,719 - INFO -   검색 결과: 0개
2025-09-25 21:02:03,533 - INFO - 
[16/284] 보건의료, 미래 선도하는 취업 JOB GO!
2025-09-25 21:02:03,851 - INFO -   검색 시작: 보건의료, 미래 선도하는 취업 JOB GO!
2025-09-25 21:02:13,883 - INFO -   검색 결과: 1개
2025-09-25 21:02:16,141 - INFO -   상세 페이지 이동: https://edu.kohi.or.kr/pt/pa/paa/BD_paa0010l.do#none
2025-09-25 21:02:16,308 - INFO -   테이블 수: 11
2025-09-25 21:02:17,327 - INFO -   수집 완료: 43개 필드
2025-09-25 21:02:18,439 - INFO - 
[17/284] 창의적인정책개발의첫걸음
2025-09-25 21:02:18,685 - INFO -   검색 시작: 창의적인정책개발의첫걸음
2025-09-25 21:02:27,200 - INFO -   검색 결과: 1개
2025-09-25 21:02:29,412 - INFO -   상세 페이지 이동: https://edu.kohi.or.kr/pt/pa/paa/BD_paa0010l.do#none
2025-09-25 21:02:29,466 - INFO -   테이블 수: 11
2025-09-25 21:02:29,803 - INFO -   수집 완료: 43개 필드
2025-09-25 21:02:31,007 - INFO - 
[18/284] 취업코치의꿀팁대방출(스펙부터AI면접까지)
2025-09-25 21:02:31,174 - INFO -   검색 시작: 취업코치의꿀팁대방출(스펙부터AI면접까지)
2025-09-25 21:02:40,693 - INFO -   검색 결과: 1개
2025-09-25 21:02:42,813 - INFO -   상세 페이지 이동: https://edu.kohi.or.kr/pt/pa/paa/BD_paa0010l.do#none
2025-09-25 21:02:42,878 - INFO -   테이블 수: 11
2025-09-25 21:02:43,203 - INFO -   수집 완료: 43개 필드
2025-09-25 21:02:44,268 - INFO - 
[19/284] KOHI공개강의나이들수록 행복해지려면
2025-09-25 21:02:44,489 - INFO -   검색 시작: KOHI공개강의나이들수록 행복해지려면
2025-09-25 21:02:58,306 - INFO -   검색 결과: 0개
2025-09-25 21:02:59,403 - INFO - 
[20/284] KOHI공개강의 무례한세상속앞으로나아가는마음관리법8가지
2025-09-25 21:02:59,588 - INFO -   검색 시작: KOHI공개강의 무례한세상속앞으로나아가는마음관리법8가지
2025-09-25 21:03:13,141 - INFO -   검색 결과: 0개
2025-09-25 21:03:13,326 - INFO - 임시 저장: 20개 완료
2025-09-25 21:03:14,327 - INFO - 
[21/284] KOHI북토크-어른의대화법
2025-09-25 21:03:14,543 - INFO -   검색 시작: KOHI북토크-어른의대화법
2025-09-25 21:03:29,371 - INFO -   검색 결과: 0개
2025-09-25 21:03:30,460 - INFO - 
[22/284] KOHI북토크-어바웃번아웃
2025-09-25 21:03:30,638 - INFO -   검색 시작: KOHI북토크-어바웃번아웃
2025-09-25 21:03:45,452 - INFO -   검색 결과: 0개
2025-09-25 21:03:46,626 - INFO - 
[23/284] 감정노동, 상처받지않은것처럼일하기
2025-09-25 21:03:46,828 - INFO -   검색 시작: 감정노동, 상처받지않은것처럼일하기
2025-09-25 21:03:55,658 - INFO -   검색 결과: 1개
2025-09-25 21:03:57,869 - INFO -   상세 페이지 이동: https://edu.kohi.or.kr/pt/pa/paa/BD_paa0010l.do#none
2025-09-25 21:03:57,933 - INFO -   테이블 수: 11
2025-09-25 21:03:58,563 - INFO -   수집 완료: 43개 필드
2025-09-25 21:03:59,633 - INFO - 
[24/284] 보건복지 강사 강의 역량레벨업
2025-09-25 21:03:59,829 - INFO -   검색 시작: 보건복지 강사 강의 역량레벨업
2025-09-25 21:04:08,372 - INFO -   검색 결과: 1개
2025-09-25 21:04:10,477 - INFO -   상세 페이지 이동: https://edu.kohi.or.kr/pt/pa/paa/BD_paa0010l.do#none
2025-09-25 21:04:10,546 - INFO -   테이블 수: 11
2025-09-25 21:04:10,849 - INFO -   수집 완료: 43개 필드
2025-09-25 21:04:11,940 - INFO - 
[25/284] 보건복지人힐링고민상담소
2025-09-25 21:04:12,134 - INFO -   검색 시작: 보건복지人힐링고민상담소
2025-09-25 21:04:25,985 - INFO -   검색 결과: 0개
2025-09-25 21:04:27,125 - INFO - 
[26/284] 보건복지종사자를위한공문서작성기술
2025-09-25 21:04:27,341 - INFO -   검색 시작: 보건복지종사자를위한공문서작성기술
